<?xml version="1.0" encoding="UTF-8"?>
<testng-results skipped="0" failed="0" total="2" passed="2">
  <reporter-output>
  </reporter-output>
  <suite name="Default suite" duration-ms="29060" started-at="2019-04-11T11:56:20Z" finished-at="2019-04-11T11:56:49Z">
    <groups>
    </groups>
    <test name="Default test" duration-ms="29060" started-at="2019-04-11T11:56:20Z" finished-at="2019-04-11T11:56:49Z">
      <class name="com.tnf.ubx.qa.tests.UbxHomePageTest">
        <test-method status="PASS" signature="setup()[pri:0, instance:com.tnf.ubx.qa.tests.UbxHomePageTest@52af6cff]" name="setup" is-config="true" duration-ms="11303" started-at="2019-04-11T17:26:20Z" finished-at="2019-04-11T17:26:31Z">
          <reporter-output>
          </reporter-output>
        </test-method> <!-- setup -->
        <test-method status="PASS" signature="test_search_title()[pri:0, instance:com.tnf.ubx.qa.tests.UbxHomePageTest@52af6cff]" name="test_search_title" duration-ms="435" started-at="2019-04-11T17:26:31Z" finished-at="2019-04-11T17:26:31Z">
          <reporter-output>
          </reporter-output>
        </test-method> <!-- test_search_title -->
        <test-method status="PASS" signature="teardown()[pri:0, instance:com.tnf.ubx.qa.tests.UbxHomePageTest@52af6cff]" name="teardown" is-config="true" duration-ms="961" started-at="2019-04-11T17:26:31Z" finished-at="2019-04-11T17:26:32Z">
          <reporter-output>
          </reporter-output>
        </test-method> <!-- teardown -->
        <test-method status="PASS" signature="setup()[pri:0, instance:com.tnf.ubx.qa.tests.UbxHomePageTest@52af6cff]" name="setup" is-config="true" duration-ms="12810" started-at="2019-04-11T17:26:32Z" finished-at="2019-04-11T17:26:45Z">
          <reporter-output>
          </reporter-output>
        </test-method> <!-- setup -->
        <test-method status="PASS" signature="test_searchItem()[pri:1, instance:com.tnf.ubx.qa.tests.UbxHomePageTest@52af6cff]" name="test_searchItem" duration-ms="2488" started-at="2019-04-11T17:26:45Z" finished-at="2019-04-11T17:26:48Z">
          <reporter-output>
          </reporter-output>
        </test-method> <!-- test_searchItem -->
        <test-method status="PASS" signature="teardown()[pri:0, instance:com.tnf.ubx.qa.tests.UbxHomePageTest@52af6cff]" name="teardown" is-config="true" duration-ms="964" started-at="2019-04-11T17:26:48Z" finished-at="2019-04-11T17:26:49Z">
          <reporter-output>
          </reporter-output>
        </test-method> <!-- teardown -->
      </class> <!-- com.tnf.ubx.qa.tests.UbxHomePageTest -->
    </test> <!-- Default test -->
  </suite> <!-- Default suite -->
</testng-results>
