<?xml version="1.0" encoding="UTF-8"?>
<testng-results skipped="0" failed="0" total="1" passed="1">
  <reporter-output>
  </reporter-output>
  <suite name="Default suite" duration-ms="27857" started-at="2019-04-02T05:42:00Z" finished-at="2019-04-02T05:42:28Z">
    <groups>
    </groups>
    <test name="Default test" duration-ms="27857" started-at="2019-04-02T05:42:00Z" finished-at="2019-04-02T05:42:28Z">
      <class name="com.tnf.unsdg.qa.tests.UnsdgUploadCuratedContentTest">
        <test-method status="PASS" signature="setup()[pri:0, instance:com.tnf.unsdg.qa.tests.UnsdgUploadCuratedContentTest@4563e9ab]" name="setup" is-config="true" duration-ms="26285" started-at="2019-04-02T11:12:00Z" finished-at="2019-04-02T11:12:26Z">
          <reporter-output>
          </reporter-output>
        </test-method> <!-- setup -->
        <test-method status="PASS" signature="test_Upload_Curated_Content()[pri:0, instance:com.tnf.unsdg.qa.tests.UnsdgUploadCuratedContentTest@4563e9ab]" name="test_Upload_Curated_Content" duration-ms="1557" started-at="2019-04-02T11:12:26Z" finished-at="2019-04-02T11:12:28Z">
          <reporter-output>
          </reporter-output>
        </test-method> <!-- test_Upload_Curated_Content -->
      </class> <!-- com.tnf.unsdg.qa.tests.UnsdgUploadCuratedContentTest -->
    </test> <!-- Default test -->
  </suite> <!-- Default suite -->
</testng-results>
